<?xml version="1.0" ?>
<coverage version="7.13.4" timestamp="1773493361828" lines-valid="38" lines-covered="35" line-rate="0.9211" branches-covered="0" branches-valid="0" branch-rate="0" complexity="0">
	<!-- Generated by coverage.py: https://coverage.readthedocs.io/en/7.13.4 -->
	<!-- Based on https://raw.githubusercontent.com/cobertura/web/master/htdocs/xml/coverage-04.dtd -->
	<sources>
		<source>C:\Users\Apprenant.SUD-PC-K2405N01\Documents\SIMPLON METROPOLE\PROJETS\simplon_projet1_toolbox\app</source>
	</sources>
	<packages>
		<package name="." line-rate="0.8846" branch-rate="0" complexity="0">
			<classes>
				<class name="__init__.py" filename="__init__.py" complexity="0" line-rate="1" branch-rate="0">
					<methods/>
					<lines/>
				</class>
				<class name="main.py" filename="main.py" complexity="0" line-rate="0.8846" branch-rate="0">
					<methods/>
					<lines>
						<line number="8" hits="1"/>
						<line number="10" hits="1"/>
						<line number="12" hits="1"/>
						<line number="14" hits="1"/>
						<line number="17" hits="1"/>
						<line number="29" hits="1"/>
						<line number="30" hits="1"/>
						<line number="31" hits="1"/>
						<line number="32" hits="1"/>
						<line number="34" hits="1"/>
						<line number="35" hits="1"/>
						<line number="37" hits="1"/>
						<line number="38" hits="1"/>
						<line number="40" hits="1"/>
						<line number="41" hits="1"/>
						<line number="44" hits="0"/>
						<line number="45" hits="0"/>
						<line number="47" hits="1"/>
						<line number="50" hits="1"/>
						<line number="58" hits="1"/>
						<line number="60" hits="1"/>
						<line number="61" hits="1"/>
						<line number="63" hits="1"/>
						<line number="64" hits="1"/>
						<line number="67" hits="1"/>
						<line number="68" hits="0"/>
					</lines>
				</class>
			</classes>
		</package>
		<package name="modules" line-rate="1" branch-rate="0" complexity="0">
			<classes>
				<class name="__init__.py" filename="modules/__init__.py" complexity="0" line-rate="1" branch-rate="0">
					<methods/>
					<lines/>
				</class>
				<class name="mon_module.py" filename="modules/mon_module.py" complexity="0" line-rate="1" branch-rate="0">
					<methods/>
					<lines>
						<line number="6" hits="1"/>
						<line number="8" hits="1"/>
						<line number="10" hits="1"/>
						<line number="13" hits="1"/>
						<line number="24" hits="1"/>
						<line number="27" hits="1"/>
						<line number="38" hits="1"/>
						<line number="41" hits="1"/>
						<line number="51" hits="1"/>
						<line number="54" hits="1"/>
						<line number="64" hits="1"/>
						<line number="65" hits="1"/>
					</lines>
				</class>
			</classes>
		</package>
	</packages>
</coverage>
